<?xml version="1.0" encoding="UTF-8"?>
<!-- Generated by org.testng.reporters.JUnitXMLReporter -->
<testsuite ignored="6" hostname="ZainaHammouri" failures="0" tests="1" name="Default test" time="7.008" errors="0" timestamp="2025-12-01T16:01:05 EET">
  <testcase classname="codenboxautomationlabPractice.Tests" name="Switch_To_Alert_Example" time="0.222"/>
  <testcase classname="codenboxautomationlabPractice.Tests" name="Switch_Window_Example" time="0.0">
    <ignored/>
  </testcase> <!-- Switch_Window_Example -->
  <testcase classname="codenboxautomationlabPractice.Tests" name="Static_Dropdown_Example" time="0.0">
    <ignored/>
  </testcase> <!-- Static_Dropdown_Example -->
  <testcase classname="codenboxautomationlabPractice.Tests" name="SwitchTab_Example" time="0.0">
    <ignored/>
  </testcase> <!-- SwitchTab_Example -->
  <testcase classname="codenboxautomationlabPractice.Tests" name="RadioButtonTest" time="0.0">
    <ignored/>
  </testcase> <!-- RadioButtonTest -->
  <testcase classname="codenboxautomationlabPractice.Tests" name="Checkbox_Example" time="0.0">
    <ignored/>
  </testcase> <!-- Checkbox_Example -->
  <testcase classname="codenboxautomationlabPractice.Tests" name="Dynamic_DropDown" time="0.0">
    <ignored/>
  </testcase> <!-- Dynamic_DropDown -->
</testsuite> <!-- Default test -->
