<?xml version="1.0" encoding="UTF-8"?>
<!-- Generated by org.testng.reporters.JUnitXMLReporter -->
<testsuite ignored="13" hostname="ZainaHammouri" failures="0" tests="1" name="Default test" time="7.952" errors="0" timestamp="2025-12-06T12:48:20 EET">
  <testcase classname="codenboxautomationlabPractice.Tests" name="Downloadfiletotest" time="0.774"/>
  <testcase classname="codenboxautomationlabPractice.Tests" name="iFrame_Example" time="0.0">
    <ignored/>
  </testcase> <!-- iFrame_Example -->
  <testcase classname="codenboxautomationlabPractice.Tests" name="Mouse_Hover_Example" time="0.0">
    <ignored/>
  </testcase> <!-- Mouse_Hover_Example -->
  <testcase classname="codenboxautomationlabPractice.Tests" name="RadioButtonTest" time="0.0">
    <ignored/>
  </testcase> <!-- RadioButtonTest -->
  <testcase classname="codenboxautomationlabPractice.Tests" name="Checkbox_Example" time="0.0">
    <ignored/>
  </testcase> <!-- Checkbox_Example -->
  <testcase classname="codenboxautomationlabPractice.Tests" name="Calendar_Example" time="0.0">
    <ignored/>
  </testcase> <!-- Calendar_Example -->
  <testcase classname="codenboxautomationlabPractice.Tests" name="Element_Displayed_Example" time="0.0">
    <ignored/>
  </testcase> <!-- Element_Displayed_Example -->
  <testcase classname="codenboxautomationlabPractice.Tests" name="Web_Table_Example" time="0.0">
    <ignored/>
  </testcase> <!-- Web_Table_Example -->
  <testcase classname="codenboxautomationlabPractice.Tests" name="Dynamic_DropDown" time="0.0">
    <ignored/>
  </testcase> <!-- Dynamic_DropDown -->
  <testcase classname="codenboxautomationlabPractice.Tests" name="Static_Dropdown_Example" time="0.0">
    <ignored/>
  </testcase> <!-- Static_Dropdown_Example -->
  <testcase classname="codenboxautomationlabPractice.Tests" name="SwitchTab_Example" time="0.0">
    <ignored/>
  </testcase> <!-- SwitchTab_Example -->
  <testcase classname="codenboxautomationlabPractice.Tests" name="Switch_Window_Example" time="0.0">
    <ignored/>
  </testcase> <!-- Switch_Window_Example -->
  <testcase classname="codenboxautomationlabPractice.Tests" name="Switch_To_Alert_Example" time="0.0">
    <ignored/>
  </testcase> <!-- Switch_To_Alert_Example -->
  <testcase classname="codenboxautomationlabPractice.Tests" name="Enabled_Disabled_Example" time="0.0">
    <ignored/>
  </testcase> <!-- Enabled_Disabled_Example -->
</testsuite> <!-- Default test -->
