<?xml version="1.0" encoding="UTF-8"?>
<testng-results ignored="13" total="14" passed="1" failed="0" skipped="0">
  <reporter-output>
  </reporter-output>
  <suite started-at="2025-12-06T12:48:12 EET" name="Default suite" finished-at="2025-12-06T12:48:20 EET" duration-ms="7952">
    <groups>
    </groups>
    <test started-at="2025-12-06T12:48:12 EET" name="Default test" finished-at="2025-12-06T12:48:20 EET" duration-ms="7952">
      <class name="codenboxautomationlabPractice.Tests">
        <test-method is-config="true" signature="SetUp()[pri:0, instance:codenboxautomationlabPractice.Tests@45815ffc]" started-at="2025-12-06T12:48:12 EET" name="SetUp" finished-at="2025-12-06T12:48:19 EET" duration-ms="7112" status="PASS">
          <reporter-output>
          </reporter-output>
        </test-method> <!-- SetUp -->
        <test-method signature="Downloadfiletotest()[pri:0, instance:codenboxautomationlabPractice.Tests@45815ffc]" started-at="2025-12-06T12:48:19 EET" name="Downloadfiletotest" finished-at="2025-12-06T12:48:20 EET" duration-ms="774" status="PASS">
          <reporter-output>
          </reporter-output>
        </test-method> <!-- Downloadfiletotest -->
        <test-method is-config="true" signature="AfterFinishedTheTest()[pri:0, instance:codenboxautomationlabPractice.Tests@45815ffc]" started-at="2025-12-06T12:48:20 EET" name="AfterFinishedTheTest" finished-at="2025-12-06T12:48:20 EET" duration-ms="1" status="PASS">
          <reporter-output>
          </reporter-output>
        </test-method> <!-- AfterFinishedTheTest -->
      </class> <!-- codenboxautomationlabPractice.Tests -->
    </test> <!-- Default test -->
  </suite> <!-- Default suite -->
</testng-results>
