<?xml version="1.0" encoding="UTF-8"?>
<testng-results ignored="6" total="7" passed="1" failed="0" skipped="0">
  <reporter-output>
  </reporter-output>
  <suite started-at="2025-12-01T16:00:58 EET" name="Default suite" finished-at="2025-12-01T16:01:05 EET" duration-ms="7008">
    <groups>
    </groups>
    <test started-at="2025-12-01T16:00:58 EET" name="Default test" finished-at="2025-12-01T16:01:05 EET" duration-ms="7008">
      <class name="codenboxautomationlabPractice.Tests">
        <test-method is-config="true" signature="SetUp()[pri:0, instance:codenboxautomationlabPractice.Tests@4b45dcb8]" started-at="2025-12-01T16:00:58 EET" name="SetUp" finished-at="2025-12-01T16:01:05 EET" duration-ms="6718" status="PASS">
          <reporter-output>
          </reporter-output>
        </test-method> <!-- SetUp -->
        <test-method signature="Switch_To_Alert_Example()[pri:0, instance:codenboxautomationlabPractice.Tests@4b45dcb8]" started-at="2025-12-01T16:01:05 EET" name="Switch_To_Alert_Example" finished-at="2025-12-01T16:01:05 EET" duration-ms="222" status="PASS">
          <reporter-output>
          </reporter-output>
        </test-method> <!-- Switch_To_Alert_Example -->
        <test-method is-config="true" signature="AfterFinishedTheTest()[pri:0, instance:codenboxautomationlabPractice.Tests@4b45dcb8]" started-at="2025-12-01T16:01:05 EET" name="AfterFinishedTheTest" finished-at="2025-12-01T16:01:05 EET" duration-ms="1" status="PASS">
          <reporter-output>
          </reporter-output>
        </test-method> <!-- AfterFinishedTheTest -->
      </class> <!-- codenboxautomationlabPractice.Tests -->
    </test> <!-- Default test -->
  </suite> <!-- Default suite -->
</testng-results>
