<?xml version="1.0" encoding="UTF-8"?>
<!-- Generated by org.testng.reporters.JUnitReportReporter -->
<testsuite hostname="ZainaHammouri" failures="0" tests="7" name="codenboxautomationlabPractice.Tests" time="0.222" errors="0" timestamp="2025-12-01T16:01:05 EET" skipped="6">
  <testcase classname="codenboxautomationlabPractice.Tests" name="Switch_To_Alert_Example" time="0.222"/>
  <testcase classname="codenboxautomationlabPractice.Tests" name="Switch_Window_Example">
    <skipped/>
  </testcase> <!-- Switch_Window_Example -->
  <testcase classname="codenboxautomationlabPractice.Tests" name="Static_Dropdown_Example">
    <skipped/>
  </testcase> <!-- Static_Dropdown_Example -->
  <testcase classname="codenboxautomationlabPractice.Tests" name="SwitchTab_Example">
    <skipped/>
  </testcase> <!-- SwitchTab_Example -->
  <testcase classname="codenboxautomationlabPractice.Tests" name="RadioButtonTest">
    <skipped/>
  </testcase> <!-- RadioButtonTest -->
  <testcase classname="codenboxautomationlabPractice.Tests" name="Checkbox_Example">
    <skipped/>
  </testcase> <!-- Checkbox_Example -->
  <testcase classname="codenboxautomationlabPractice.Tests" name="Dynamic_DropDown">
    <skipped/>
  </testcase> <!-- Dynamic_DropDown -->
</testsuite> <!-- codenboxautomationlabPractice.Tests -->
