<?xml version="1.0" encoding="UTF-8"?>
<!-- Generated by org.testng.reporters.JUnitReportReporter -->
<testsuite hostname="ZainaHammouri" failures="0" tests="14" name="codenboxautomationlabPractice.Tests" time="0.774" errors="0" timestamp="2025-12-06T12:48:20 EET" skipped="13">
  <testcase classname="codenboxautomationlabPractice.Tests" name="Downloadfiletotest" time="0.774"/>
  <testcase classname="codenboxautomationlabPractice.Tests" name="iFrame_Example">
    <skipped/>
  </testcase> <!-- iFrame_Example -->
  <testcase classname="codenboxautomationlabPractice.Tests" name="Mouse_Hover_Example">
    <skipped/>
  </testcase> <!-- Mouse_Hover_Example -->
  <testcase classname="codenboxautomationlabPractice.Tests" name="RadioButtonTest">
    <skipped/>
  </testcase> <!-- RadioButtonTest -->
  <testcase classname="codenboxautomationlabPractice.Tests" name="Checkbox_Example">
    <skipped/>
  </testcase> <!-- Checkbox_Example -->
  <testcase classname="codenboxautomationlabPractice.Tests" name="Calendar_Example">
    <skipped/>
  </testcase> <!-- Calendar_Example -->
  <testcase classname="codenboxautomationlabPractice.Tests" name="Element_Displayed_Example">
    <skipped/>
  </testcase> <!-- Element_Displayed_Example -->
  <testcase classname="codenboxautomationlabPractice.Tests" name="Web_Table_Example">
    <skipped/>
  </testcase> <!-- Web_Table_Example -->
  <testcase classname="codenboxautomationlabPractice.Tests" name="Dynamic_DropDown">
    <skipped/>
  </testcase> <!-- Dynamic_DropDown -->
  <testcase classname="codenboxautomationlabPractice.Tests" name="Static_Dropdown_Example">
    <skipped/>
  </testcase> <!-- Static_Dropdown_Example -->
  <testcase classname="codenboxautomationlabPractice.Tests" name="SwitchTab_Example">
    <skipped/>
  </testcase> <!-- SwitchTab_Example -->
  <testcase classname="codenboxautomationlabPractice.Tests" name="Switch_Window_Example">
    <skipped/>
  </testcase> <!-- Switch_Window_Example -->
  <testcase classname="codenboxautomationlabPractice.Tests" name="Switch_To_Alert_Example">
    <skipped/>
  </testcase> <!-- Switch_To_Alert_Example -->
  <testcase classname="codenboxautomationlabPractice.Tests" name="Enabled_Disabled_Example">
    <skipped/>
  </testcase> <!-- Enabled_Disabled_Example -->
</testsuite> <!-- codenboxautomationlabPractice.Tests -->
